2025-07-17 22:29:17,553  INFO  Starting search at iteration 0
2025-07-17 22:29:24,522  INFO  checkpoint saved at 1,000,000
2025-07-17 22:29:24,522  INFO  [1,000,000]  1.238e-14%  best=0.000
2025-07-17 22:29:31,392  INFO  checkpoint saved at 2,000,000
2025-07-17 22:29:31,392  INFO  [2,000,000]  2.476e-14%  best=0.000
2025-07-17 22:29:38,094  INFO  checkpoint saved at 3,000,000
2025-07-17 22:29:38,094  INFO  [3,000,000]  3.714e-14%  best=0.000
2025-07-17 22:29:44,736  INFO  checkpoint saved at 4,000,000
2025-07-17 22:29:44,736  INFO  [4,000,000]  4.952e-14%  best=0.000
2025-07-17 22:29:45,409  INFO  checkpoint saved at 4,158,665
2025-07-17 22:30:26,827  INFO  Starting search at iteration 4,158,665
2025-07-17 22:30:32,938  INFO  checkpoint saved at 5,000,000
2025-07-17 22:30:32,938  INFO  [5,000,000]  6.190e-14%  best=0.000
2025-07-17 22:30:39,923  INFO  checkpoint saved at 6,000,000
2025-07-17 22:30:39,924  INFO  [6,000,000]  7.428e-14%  best=0.000
2025-07-17 22:30:47,351  INFO  checkpoint saved at 7,000,000
2025-07-17 22:30:47,351  INFO  [7,000,000]  8.666e-14%  best=0.000
2025-07-17 22:30:54,517  INFO  checkpoint saved at 8,000,000
2025-07-17 22:30:54,518  INFO  [8,000,000]  9.904e-14%  best=0.000
2025-07-17 22:31:01,424  INFO  checkpoint saved at 9,000,000
2025-07-17 22:31:01,425  INFO  [9,000,000]  1.114e-13%  best=0.000
2025-07-17 22:31:08,182  INFO  checkpoint saved at 10,000,000
2025-07-17 22:31:08,182  INFO  [10,000,000]  1.238e-13%  best=0.000
2025-07-17 22:31:14,651  INFO  checkpoint saved at 11,000,000
2025-07-17 22:31:14,652  INFO  [11,000,000]  1.362e-13%  best=0.000
2025-07-17 22:31:21,730  INFO  checkpoint saved at 12,000,000
2025-07-17 22:31:21,731  INFO  [12,000,000]  1.486e-13%  best=0.000
2025-07-17 22:31:28,814  INFO  checkpoint saved at 13,000,000
2025-07-17 22:31:28,815  INFO  [13,000,000]  1.609e-13%  best=0.000
2025-07-17 22:31:35,776  INFO  checkpoint saved at 14,000,000
2025-07-17 22:31:35,777  INFO  [14,000,000]  1.733e-13%  best=0.000
2025-07-17 22:31:42,632  INFO  checkpoint saved at 15,000,000
2025-07-17 22:31:42,632  INFO  [15,000,000]  1.857e-13%  best=0.000
2025-07-17 22:31:49,168  INFO  checkpoint saved at 16,000,000
2025-07-17 22:31:49,168  INFO  [16,000,000]  1.981e-13%  best=0.000
2025-07-17 22:31:55,994  INFO  checkpoint saved at 17,000,000
2025-07-17 22:31:55,995  INFO  [17,000,000]  2.105e-13%  best=0.000
2025-07-17 22:32:03,218  INFO  checkpoint saved at 18,000,000
2025-07-17 22:32:03,218  INFO  [18,000,000]  2.228e-13%  best=0.000
2025-07-17 22:32:10,286  INFO  checkpoint saved at 19,000,000
2025-07-17 22:32:10,287  INFO  [19,000,000]  2.352e-13%  best=0.000
2025-07-17 22:32:17,150  INFO  checkpoint saved at 20,000,000
2025-07-17 22:32:17,150  INFO  [20,000,000]  2.476e-13%  best=0.000
2025-07-17 22:32:23,859  INFO  checkpoint saved at 21,000,000
2025-07-17 22:32:23,859  INFO  [21,000,000]  2.600e-13%  best=0.000
2025-07-17 22:32:30,447  INFO  checkpoint saved at 22,000,000
2025-07-17 22:32:30,447  INFO  [22,000,000]  2.724e-13%  best=0.000
2025-07-17 22:32:37,544  INFO  checkpoint saved at 23,000,000
2025-07-17 22:32:37,544  INFO  [23,000,000]  2.847e-13%  best=0.000
2025-07-17 22:32:44,648  INFO  checkpoint saved at 24,000,000
2025-07-17 22:32:44,648  INFO  [24,000,000]  2.971e-13%  best=0.000
2025-07-17 22:32:51,594  INFO  checkpoint saved at 25,000,000
2025-07-17 22:32:51,594  INFO  [25,000,000]  3.095e-13%  best=0.000
2025-07-17 22:32:58,409  INFO  checkpoint saved at 26,000,000
2025-07-17 22:32:58,409  INFO  [26,000,000]  3.219e-13%  best=0.000
2025-07-17 22:33:04,821  INFO  checkpoint saved at 27,000,000
2025-07-17 22:33:04,821  INFO  [27,000,000]  3.343e-13%  best=0.000
2025-07-17 22:33:12,049  INFO  checkpoint saved at 28,000,000
2025-07-17 22:33:12,049  INFO  [28,000,000]  3.466e-13%  best=0.000
2025-07-17 22:33:19,126  INFO  checkpoint saved at 29,000,000
2025-07-17 22:33:19,126  INFO  [29,000,000]  3.590e-13%  best=0.000
2025-07-17 22:33:26,144  INFO  checkpoint saved at 30,000,000
2025-07-17 22:33:26,144  INFO  [30,000,000]  3.714e-13%  best=0.000
2025-07-17 22:33:32,997  INFO  checkpoint saved at 31,000,000
2025-07-17 22:33:32,997  INFO  [31,000,000]  3.838e-13%  best=0.000
2025-07-17 22:33:39,596  INFO  checkpoint saved at 32,000,000
2025-07-17 22:33:39,596  INFO  [32,000,000]  3.962e-13%  best=0.000
2025-07-17 22:33:46,284  INFO  checkpoint saved at 33,000,000
2025-07-17 22:33:46,284  INFO  [33,000,000]  4.085e-13%  best=0.000
2025-07-17 22:33:53,379  INFO  checkpoint saved at 34,000,000
2025-07-17 22:33:53,380  INFO  [34,000,000]  4.209e-13%  best=0.000
2025-07-17 22:34:00,517  INFO  checkpoint saved at 35,000,000
2025-07-17 22:34:00,518  INFO  [35,000,000]  4.333e-13%  best=0.000
2025-07-17 22:34:04,500  WARNING  Interrupted by user – saving checkpoint and exiting.
2025-07-17 22:34:04,500  INFO  checkpoint saved at 35,652,059
2025-07-17 22:34:06,134  INFO  checkpoint saved at 35,652,059
